
> @lify/api@0.1.0 dev
> tsx watch src/index.ts

[minio] endpoint=localhost port=9000 ssl=false bucket=media
{"level":30,"time":1767551169440,"pid":1896,"hostname":"Mac.lan","msg":"✅ Redis Adapter connected"}
{"level":30,"time":1767551169440,"pid":1896,"hostname":"Mac.lan","msg":"✅ Socket.io initialized"}
└── (empty root node)
    ├── /
    │   ├── u
    │   │   ├── pload (POST)
    │   │   │   └── s/
    │   │   │       └── * (HEAD, GET)
    │   │   └── sers/
    │   │       ├── me (PATCH)
    │   │       │   └── /password (PATCH)
    │   │       ├── search (GET, HEAD)
    │   │       └── :id (GET, HEAD)
    │   │           └── /
    │   │               ├── follow (POST, DELETE)
    │   │               │   ├── ers (GET, HEAD)
    │   │               │   └── ing (GET, HEAD)
    │   │               └── events (GET, HEAD)
    │   ├── f
    │   │   ├── riends (GET, HEAD)
    │   │   │   └── /requests (POST, GET, HEAD)
    │   │   │       └── /
    │   │   │           └── :id
    │   │   │               └── /accept (POST)
    │   │   ├── eed (GET, HEAD)
    │   │   │   └── /events (GET, HEAD)
    │   │   └── ollow/requests (GET, HEAD)
    │   │       └── /
    │   │           ├── count (GET, HEAD)
    │   │           └── :requestId
    │   │               └── /
    │   │                   ├── accept (POST)
    │   │                   └── reject (POST)
    │   ├── posts (POST)
    │   │   └── /
    │   │       └── :id (GET, HEAD)
    │   │           └── /
    │   │               ├── like (POST)
    │   │               └── comments (POST, GET, HEAD)
    │   ├── me (GET, HEAD)
    │   │   ├── /
    │   │   │   ├── p
    │   │   │   │   ├── osts (GET, HEAD)
    │   │   │   │   └── references (GET, HEAD, PATCH)
    │   │   │   └── gamification (GET, HEAD)
    │   │   └── ssages/
    │   │       ├── to/
    │   │       │   └── :otherUserId (POST)
    │   │       ├── with/
    │   │       │   └── :otherUserId (GET, HEAD)
    │   │       ├── unread (GET, HEAD)
    │   │       ├── read/
    │   │       │   └── :conversationId (POST)
    │   │       └── :id|:messageId (PATCH, DELETE)
    │   │           └── /
    │   │               ├── duration (PATCH)
    │   │               └── reactions (POST, DELETE)
    │   ├── conversations (GET, HEAD)
    │   │   └── /
    │   │       └── :conversationId (DELETE)
    │   ├── notifications (GET, HEAD)
    │   │   └── /
    │   │       └── :id
    │   │           └── /read (PATCH)
    │   ├── gamification/
    │   │   ├── unlock (POST)
    │   │   └── activity (POST)
    │   ├── onboarding/complete (POST)
    │   ├── health (GET, HEAD)
    │   ├── auth/
    │   │   ├── re
    │   │   │   ├── gister (POST)
    │   │   │   └── fresh (POST)
    │   │   ├── log
    │   │   │   ├── in (POST)
    │   │   │   └── out (POST)
    │   │   ├── check-username (GET, HEAD)
    │   │   ├── onboarding/
    │   │   │   ├── pseudo (POST)
    │   │   │   └── update (POST)
    │   │   └── google (POST)
    │   ├── dev/mock-login (POST)
    │   ├── linked-
    │   │   ├── calendars (GET, HEAD)
    │   │   │   └── /
    │   │   │       ├── google/connect (POST)
    │   │   │       ├── ics (POST)
    │   │   │       └── :id
    │   │   │           └── /sync (POST)
    │   │   └── events (GET, HEAD)
    │   │       └── /deduplicate/
    │   │           ├── preview (POST)
    │   │           └── apply (POST)
    │   └── events (POST, GET, HEAD)
    │       └── /
    │           ├── timeline (GET, HEAD)
    │           └── :id (DELETE, PUT, GET, HEAD)
    │               └── /
    │                   ├── participants (GET, HEAD, POST)
    │                   │   └── /
    │                   │       └── :participantId (PATCH)
    │                   ├── visibility (PATCH)
    │                   ├── share (POST)
    │                   ├── invite (POST)
    │                   └── rsvp (PATCH)
    └── * (OPTIONS)

{"level":50,"time":1767551169466,"pid":1896,"hostname":"Mac.lan","err":{"type":"Error","message":"listen EADDRINUSE: address already in use 0.0.0.0:3000","stack":"Error: listen EADDRINUSE: address already in use 0.0.0.0:3000\n    at Server.setupListenHandle [as _listen2] (node:net:1937:16)\n    at listenInCluster (node:net:1994:12)\n    at node:net:2203:7\n    at process.processTicksAndRejections (node:internal/process/task_queues:90:21)","code":"EADDRINUSE","errno":-48,"syscall":"listen","address":"0.0.0.0","port":3000},"msg":"listen EADDRINUSE: address already in use 0.0.0.0:3000"}
