
> @lify/api@0.1.0 dev
> tsx watch src/index.ts


node:internal/modules/run_main:122
    triggerUncaughtException(
    ^
Error [TransformError]: Transform failed with 1 error:
/Users/raouldrg/Desktop/Lify/apps/api/src/app.ts:40:1: ERROR: Unexpected ")"
    at failureErrorWithLog (/Users/raouldrg/Desktop/Lify/node_modules/esbuild/lib/main.js:1467:15)
    at /Users/raouldrg/Desktop/Lify/node_modules/esbuild/lib/main.js:736:50
    at responseCallbacks.<computed> (/Users/raouldrg/Desktop/Lify/node_modules/esbuild/lib/main.js:603:9)
    at handleIncomingPacket (/Users/raouldrg/Desktop/Lify/node_modules/esbuild/lib/main.js:658:12)
    at Socket.readFromStdout (/Users/raouldrg/Desktop/Lify/node_modules/esbuild/lib/main.js:581:7)
    at Socket.emit (node:events:518:28)
    at addChunk (node:internal/streams/readable:561:12)
    at readableAddChunkPushByteMode (node:internal/streams/readable:512:3)
    at Readable.push (node:internal/streams/readable:392:5)
    at Pipe.onStreamRead (node:internal/stream_base_commons:189:23)

Node.js v22.14.0
7:37:32 PM [tsx] change in ./src/app.ts Rerunning...
c[minio] endpoint=localhost port=9000 ssl=false bucket=media
{"level":30,"time":1767551853313,"pid":6326,"hostname":"Mac.lan","msg":"✅ Redis Adapter connected"}
{"level":30,"time":1767551853313,"pid":6326,"hostname":"Mac.lan","msg":"✅ Socket.io initialized"}
└── (empty root node)
    ├── /
    │   ├── u
    │   │   ├── pload (POST)
    │   │   │   └── s/
    │   │   │       └── * (HEAD, GET)
    │   │   └── sers/
    │   │       ├── me (PATCH)
    │   │       │   └── /password (PATCH)
    │   │       ├── search (GET, HEAD)
    │   │       └── :id (GET, HEAD)
    │   │           └── /
    │   │               ├── follow (POST, DELETE)
    │   │               │   ├── ers (GET, HEAD)
    │   │               │   └── ing (GET, HEAD)
    │   │               └── events (GET, HEAD)
    │   ├── health (GET, HEAD)
    │   ├── f
    │   │   ├── riends (GET, HEAD)
    │   │   │   └── /requests (POST, GET, HEAD)
    │   │   │       └── /
    │   │   │           └── :id
    │   │   │               └── /accept (POST)
    │   │   ├── eed (GET, HEAD)
    │   │   │   └── /events (GET, HEAD)
    │   │   └── ollow/requests (GET, HEAD)
    │   │       └── /
    │   │           ├── count (GET, HEAD)
    │   │           └── :requestId
    │   │               └── /
    │   │                   ├── accept (POST)
    │   │                   └── reject (POST)
    │   ├── posts (POST)
    │   │   └── /
    │   │       └── :id (GET, HEAD)
    │   │           └── /
    │   │               ├── like (POST)
    │   │               └── comments (POST, GET, HEAD)
    │   ├── me (GET, HEAD)
    │   │   ├── /
    │   │   │   ├── p
    │   │   │   │   ├── osts (GET, HEAD)
    │   │   │   │   └── references (GET, HEAD, PATCH)
    │   │   │   └── gamification (GET, HEAD)
    │   │   └── ssages/
    │   │       ├── to/
    │   │       │   └── :otherUserId (POST)
    │   │       ├── with/
    │   │       │   └── :otherUserId (GET, HEAD)
    │   │       ├── unread (GET, HEAD)
    │   │       ├── read/
    │   │       │   └── :conversationId (POST)
    │   │       └── :id|:messageId (PATCH, DELETE)
    │   │           └── /
    │   │               ├── duration (PATCH)
    │   │               └── reactions (POST, DELETE)
    │   ├── conversations (GET, HEAD)
    │   │   └── /
    │   │       └── :conversationId (DELETE)
    │   ├── notifications (GET, HEAD)
    │   │   └── /
    │   │       └── :id
    │   │           └── /read (PATCH)
    │   ├── gamification/
    │   │   ├── unlock (POST)
    │   │   └── activity (POST)
    │   ├── onboarding/complete (POST)
    │   ├── auth/
    │   │   ├── re
    │   │   │   ├── gister (POST)
    │   │   │   └── fresh (POST)
    │   │   ├── log
    │   │   │   ├── in (POST)
    │   │   │   └── out (POST)
    │   │   ├── check-username (GET, HEAD)
    │   │   ├── onboarding/
    │   │   │   ├── pseudo (POST)
    │   │   │   └── update (POST)
    │   │   └── google (POST)
    │   ├── dev/mock-login (POST)
    │   ├── linked-
    │   │   ├── calendars (GET, HEAD)
    │   │   │   └── /
    │   │   │       ├── google/connect (POST)
    │   │   │       ├── ics (POST)
    │   │   │       └── :id
    │   │   │           └── /sync (POST)
    │   │   └── events (GET, HEAD)
    │   │       └── /deduplicate/
    │   │           ├── preview (POST)
    │   │           └── apply (POST)
    │   └── events (POST, GET, HEAD)
    │       └── /
    │           ├── timeline (GET, HEAD)
    │           └── :id (DELETE, PUT, GET, HEAD)
    │               └── /
    │                   ├── participants (GET, HEAD, POST)
    │                   │   └── /
    │                   │       └── :participantId (PATCH)
    │                   ├── visibility (PATCH)
    │                   ├── share (POST)
    │                   ├── invite (POST)
    │                   └── rsvp (PATCH)
    └── * (OPTIONS)

{"level":30,"time":1767551853340,"pid":6326,"hostname":"Mac.lan","msg":"Server listening at http://0.0.0.0:3000"}
{"level":30,"time":1767551853340,"pid":6326,"hostname":"Mac.lan","msg":"API running on http://localhost:3000"}
